<?xml version="1.0" encoding="UTF-8"?>
<testsuite name="ResourceAccessTest" tests="1" skipped="0" failures="0" errors="0" timestamp="2017-01-18T20:32:03" hostname="nas10-240-60-77.york.ac.uk" time="0.002">
  <properties/>
  <testcase name="TestsHaveAssets" classname="ResourceAccessTest" time="0.002"/>
  <system-out><![CDATA[]]></system-out>
  <system-err><![CDATA[]]></system-err>
</testsuite>
